<?xml version="1.0" encoding="UTF-8"?>
<!-- Generated by org.testng.reporters.JUnitReportReporter -->
<testsuite skipped="0" hostname="DESKTOP-ST4RK9D" name="com.obsqura.projectwithpom.TablePageTest" tests="2" failures="0" timestamp="15 Dec 2022 10:50:11 GMT" time="20.040" errors="0">
  <testcase name="verifyGetColoumn" time="12.862" classname="com.obsqura.projectwithpom.TablePageTest"/>
  <testcase name="verifyGetRow" time="7.178" classname="com.obsqura.projectwithpom.TablePageTest"/>
</testsuite> <!-- com.obsqura.projectwithpom.TablePageTest -->
