<?xml version="1.0" encoding="UTF-8"?>
<!-- Generated by org.testng.reporters.JUnitReportReporter -->
<testsuite skipped="0" hostname="DESKTOP-ST4RK9D" name="com.obsqura.projectwithpom.OthersPageTest" tests="1" failures="0" timestamp="11 Dec 2022 11:45:36 GMT" time="22.136" errors="0">
  <testcase name="verifyDoubleClick" time="22.136" classname="com.obsqura.projectwithpom.OthersPageTest"/>
</testsuite> <!-- com.obsqura.projectwithpom.OthersPageTest -->
