<?xml version="1.0" encoding="UTF-8"?>
<!-- Generated by org.testng.reporters.JUnitReportReporter -->
<testsuite skipped="0" hostname="DESKTOP-ST4RK9D" name="com.obsqura.projectwithpom.SimpleFormDemoPageFactoryTest" tests="1" failures="0" timestamp="20 Jan 2023 02:58:36 GMT" time="16.573" errors="0">
  <testcase name="checkAndVerifySingleInputField" time="16.573" classname="com.obsqura.projectwithpom.SimpleFormDemoPageFactoryTest"/>
</testsuite> <!-- com.obsqura.projectwithpom.SimpleFormDemoPageFactoryTest -->
