<?xml version="1.0" encoding="UTF-8"?>
<!-- Generated by org.testng.reporters.JUnitReportReporter -->
<testsuite skipped="0" hostname="DESKTOP-ST4RK9D" name="com.obsqura.projectwithpom.WaitTest" tests="1" failures="0" timestamp="07 Dec 2022 12:36:50 GMT" time="22.916" errors="0">
  <testcase name="verifySingle" time="22.916" classname="com.obsqura.projectwithpom.WaitTest"/>
</testsuite> <!-- com.obsqura.projectwithpom.WaitTest -->
