<?xml version="1.0" encoding="UTF-8"?>
<!-- Generated by org.testng.reporters.JUnitReportReporter -->
<testsuite skipped="0" hostname="DESKTOP-ST4RK9D" name="com.obsqura.projectwithpom.FormSubmitPageWithParameterizationTest" tests="1" failures="0" timestamp="25 Dec 2022 15:32:53 GMT" time="22.478" errors="0">
  <testcase name="verifyFormSubmitPage" time="22.478" classname="com.obsqura.projectwithpom.FormSubmitPageWithParameterizationTest"/>
</testsuite> <!-- com.obsqura.projectwithpom.FormSubmitPageWithParameterizationTest -->
