<?xml version="1.0" encoding="UTF-8"?>
<!-- Generated by org.testng.reporters.JUnitReportReporter -->
<testsuite skipped="0" hostname="DESKTOP-ST4RK9D" name="com.obsqura.ProjectWithPom.Testing" tests="1" failures="0" timestamp="23 Nov 2022 15:47:16 GMT" time="22.984" errors="0">
  <testcase name="test" time="22.984" classname="com.obsqura.ProjectWithPom.Testing"/>
</testsuite> <!-- com.obsqura.ProjectWithPom.Testing -->
