<?xml version="1.0" encoding="UTF-8"?>
<!-- Generated by org.testng.reporters.JUnitReportReporter -->
<testsuite skipped="0" hostname="DESKTOP-ST4RK9D" name="com.obsqura.projectwithpom.RadioButtonTest" tests="2" failures="0" timestamp="30 Jan 2023 03:44:38 GMT" time="28.075" errors="0">
  <testcase name="VerifyFemaleButton" time="17.144" classname="com.obsqura.projectwithpom.RadioButtonTest"/>
  <testcase name="VerifyRadioButton" time="10.931" classname="com.obsqura.projectwithpom.RadioButtonTest"/>
</testsuite> <!-- com.obsqura.projectwithpom.RadioButtonTest -->
