<?xml version="1.0" encoding="UTF-8"?>
<!-- Generated by org.testng.reporters.JUnitReportReporter -->
<testsuite skipped="0" hostname="DESKTOP-ST4RK9D" name="com.obsqura.projectwithpom.BootstrapAlertPageTest" tests="1" failures="0" timestamp="25 Dec 2022 18:06:10 GMT" time="39.833" errors="0">
  <testcase name="verifyBootStrapAlert" time="39.833" classname="com.obsqura.projectwithpom.BootstrapAlertPageTest"/>
</testsuite> <!-- com.obsqura.projectwithpom.BootstrapAlertPageTest -->
