<?xml version="1.0" encoding="UTF-8"?>
<!-- Generated by org.testng.reporters.JUnitReportReporter -->
<testsuite skipped="0" hostname="DESKTOP-ST4RK9D" name="com.obsqura.projectwithpom.CommonHeadderMenuPageTest" tests="2" failures="0" timestamp="15 Dec 2022 08:11:58 GMT" time="18.966" errors="0">
  <testcase name="verifyMainMenuClick" time="13.301" classname="com.obsqura.projectwithpom.CommonHeadderMenuPageTest"/>
  <testcase name="verifyLeftSideMenuClick" time="5.665" classname="com.obsqura.projectwithpom.CommonHeadderMenuPageTest"/>
</testsuite> <!-- com.obsqura.projectwithpom.CommonHeadderMenuPageTest -->
